<?xml version="1.0" encoding="UTF-8"?>
<testng-results ignored="0" total="1" passed="1" failed="0" skipped="0">
  <reporter-output>
  </reporter-output>
  <suite started-at="2024-09-25T12:49:34 IST" name="Default suite" finished-at="2024-09-25T12:49:41 IST" duration-ms="6936">
    <groups>
    </groups>
    <test started-at="2024-09-25T12:49:34 IST" name="Default test" finished-at="2024-09-25T12:49:41 IST" duration-ms="6936">
      <class name="testpkg.fbcreatepagetest">
        <test-method is-config="true" signature="setup()[pri:0, instance:testpkg.fbcreatepagetest@750e2b97]" started-at="2024-09-25T12:49:34 IST" name="setup" finished-at="2024-09-25T12:49:38 IST" duration-ms="4205" status="PASS">
          <reporter-output>
          </reporter-output>
        </test-method> <!-- setup -->
        <test-method signature="test()[pri:0, instance:testpkg.fbcreatepagetest@750e2b97]" started-at="2024-09-25T12:49:38 IST" name="test" finished-at="2024-09-25T12:49:41 IST" duration-ms="2682" status="PASS">
          <reporter-output>
          </reporter-output>
        </test-method> <!-- test -->
      </class> <!-- testpkg.fbcreatepagetest -->
    </test> <!-- Default test -->
  </suite> <!-- Default suite -->
</testng-results>
